[35m[Appium][39m Welcome to Appium v1.22.3
[35m[Appium][39m Non-default server args:
[35m[Appium][39m   port: 51081
[35m[Appium][39m   loglevel: info
[35m[Appium][39m   tmpDir: C:\Users\RISHAB~1\AppData\Local\Temp\\Katalon\Appium\Temp1680095269476
[35m[Appium][39m   chromedriverPort: 51082
[35m[Appium][39m Deprecated server args:
[35m[Appium][39m   [31m--chromedriver-port[39m => --default-capabilities
[35m[Appium][39m Default capabilities, which will be added to each request unless overridden by desired capabilities:
[35m[Appium][39m   chromedriverPort: 51082
[35m[Appium][39m Appium REST http interface listener started on 0.0.0.0:51081
[35m[HTTP][39m [37m-->[39m [37mGET[39m [37m/wd/hub/status[39m
[35m[HTTP][39m [90m{}[39m
[35m[HTTP][39m [37m<-- GET /wd/hub/status [39m[32m200[39m [90m4 ms - 68[39m
[35m[HTTP][39m [90m[39m
[35m[HTTP][39m [37m-->[39m [37mGET[39m [37m/wd/hub/status[39m
[35m[HTTP][39m [90m{}[39m
[35m[HTTP][39m [37m<-- GET /wd/hub/status [39m[32m200[39m [90m1 ms - 68[39m
[35m[HTTP][39m [90m[39m
[35m[HTTP][39m [37m-->[39m [37mPOST[39m [37m/wd/hub/session[39m
[35m[HTTP][39m [90m{"desiredCapabilities":{"appPackage":"com.android.settings","deviceId":"","deviceName":"samsung SM-A736B (Android 13)","platform":"ANDROID","appActivity":".Settings","newCommandTimeout":1800,"platformVersion":"13","automationName":"uiautomator2","autoGrantPermissions":true,"platformName":"Android","udid":"RZCW12CL04N","systemPort":8230},"capabilities":{"firstMatch":[{"appium:appActivity":".Settings","appium:appPackage":"com.android.settings","appium:autoGrantPermissions":true,"appium:automationName":"uiautomator2","deviceId":"","appium:deviceName":"samsung SM-A736B (Android 13)","appium:newCommandTimeout":1800,"platform":"ANDROID","platformName":"android","appium:platformVersion":"13","appium:systemPort":8230,"appium:udid":"RZCW12CL04N"}]}}[39m
[35m[BaseDriver][39m The following capabilities are not standard capabilities and should have an extension prefix:
[35m[BaseDriver][39m   deviceId
[35m[BaseDriver][39m   platform
[35m[BaseDriver][39m   chromedriverPort
[35m[Appium][39m Appium v1.22.3 creating new AndroidUiautomator2Driver (v1.70.1) session
[35m[BaseDriver][39m The following capabilities were provided, but are not recognized by Appium:
[35m[BaseDriver][39m   deviceId
[35m[BaseDriver][39m   platform
[35m[BaseDriver][39m Session created with session id: 6052aeef-1955-45c3-af29-7ca16d0ebb8d
[35m[UiAutomator2][39m Starting 'com.android.settings' directly on the device
[35m[ADB][39m Found 1 'build-tools' folders under 'C:\Users\RishabhGungah\.katalon\tools\android_sdk' (newest first):
[35m[ADB][39m     C:/Users/RishabhGungah/.katalon/tools/android_sdk/build-tools/29.0.3
[35m[ADB][39m Using 'adb.exe' from 'C:\Users\RishabhGungah\.katalon\tools\android_sdk\platform-tools\adb.exe'
[35m[AndroidDriver][39m Retrieving device list
[35m[AndroidDriver][39m Using device: RZCW12CL04N
[35m[ADB][39m Using 'adb.exe' from 'C:\Users\RishabhGungah\.katalon\tools\android_sdk\platform-tools\adb.exe'
[35m[ADB][39m Getting device platform version
[35m[UiAutomator2][39m Relaxing hidden api policy
[35m[AndroidDriver][39m No app sent in, not parsing package/activity
[35m[ADB][39m Using 'apksigner.jar' from 'C:\Users\RishabhGungah\.katalon\tools\android_sdk\build-tools\29.0.3\lib\apksigner.jar'
[35m[ADB][39m 'C:\Users\RishabhGungah\AppData\Roaming\npm\node_modules\appium\node_modules\appium-uiautomator2-server\apks\appium-uiautomator2-server-v4.27.0.apk' is signed with the default certificate
[35m[ADB][39m 'C:\Users\RishabhGungah\AppData\Roaming\npm\node_modules\appium\node_modules\appium-uiautomator2-server\apks\appium-uiautomator2-server-debug-androidTest.apk' is signed with the default certificate
[35m[UiAutomator2][39m Server packages are not going to be (re)installed
[35m[ADB][39m Adding packages ["io.appium.settings","io.appium.uiautomator2.server","io.appium.uiautomator2.server.test"] to Doze whitelist
[35m[ADB][39m com.android.settings contains no permissions available for granting
[35m[UiAutomator2][39m Starting UIAutomator2 server 4.27.0
[35m[UiAutomator2][39m Using UIAutomator2 server from 'C:\Users\RishabhGungah\AppData\Roaming\npm\node_modules\appium\node_modules\appium-uiautomator2-server\apks\appium-uiautomator2-server-v4.27.0.apk' and test from 'C:\Users\RishabhGungah\AppData\Roaming\npm\node_modules\appium\node_modules\appium-uiautomator2-server\apks\appium-uiautomator2-server-debug-androidTest.apk'
[35m[UiAutomator2][39m Waiting up to 30000ms for UiAutomator2 to be online...
[35m[WD Proxy][39m socket hang up
[35m[WD Proxy][39m socket hang up
[35m[WD Proxy][39m Determined the downstream protocol as 'W3C'
[35m[AndroidDriver][39m Screen already unlocked, doing nothing
[35m[UiAutomator2][39m Starting 'com.android.settings/.Settings and waiting for 'com.android.settings/.Settings'
[35m[Appium][39m New AndroidUiautomator2Driver session created successfully, session 6052aeef-1955-45c3-af29-7ca16d0ebb8d added to master session list
[35m[HTTP][39m [37m<-- POST /wd/hub/session [39m[32m200[39m [90m8377 ms - 1187[39m
[35m[HTTP][39m [90m[39m
[35m[HTTP][39m [37m-->[39m [37mGET[39m [37m/wd/hub/session/6052aeef-1955-45c3-af29-7ca16d0ebb8d[39m
[35m[HTTP][39m [90m{}[39m
[35m[HTTP][39m [37m<-- GET /wd/hub/session/6052aeef-1955-45c3-af29-7ca16d0ebb8d [39m[32m200[39m [90m16 ms - 1141[39m
[35m[HTTP][39m [90m[39m
[35m[HTTP][39m [37m-->[39m [37mGET[39m [37m/wd/hub/session/6052aeef-1955-45c3-af29-7ca16d0ebb8d[39m
[35m[HTTP][39m [90m{}[39m
[35m[HTTP][39m [37m<-- GET /wd/hub/session/6052aeef-1955-45c3-af29-7ca16d0ebb8d [39m[32m200[39m [90m9 ms - 1141[39m
[35m[HTTP][39m [90m[39m
[35m[HTTP][39m [37m-->[39m [37mGET[39m [37m/wd/hub/status[39m
[35m[HTTP][39m [90m{}[39m
[35m[HTTP][39m [37m<-- GET /wd/hub/status [39m[32m200[39m [90m1 ms - 68[39m
[35m[HTTP][39m [90m[39m
[35m[HTTP][39m [37m-->[39m [37mPOST[39m [37m/wd/hub/session/6052aeef-1955-45c3-af29-7ca16d0ebb8d/timeouts[39m
[35m[HTTP][39m [90m{"implicit":60000}[39m
[35m[HTTP][39m [37m<-- POST /wd/hub/session/6052aeef-1955-45c3-af29-7ca16d0ebb8d/timeouts [39m[32m200[39m [90m2 ms - 14[39m
[35m[HTTP][39m [90m[39m
[35m[HTTP][39m [37m-->[39m [37mGET[39m [37m/wd/hub/session/6052aeef-1955-45c3-af29-7ca16d0ebb8d/screenshot[39m
[35m[HTTP][39m [90m{}[39m
[35m[HTTP][39m [37m<-- GET /wd/hub/session/6052aeef-1955-45c3-af29-7ca16d0ebb8d/screenshot [39m[32m200[39m [90m434 ms - 208696[39m
[35m[HTTP][39m [90m[39m
[35m[HTTP][39m [37m-->[39m [37mGET[39m [37m/wd/hub/session/6052aeef-1955-45c3-af29-7ca16d0ebb8d/window/rect[39m
[35m[HTTP][39m [90m{}[39m
[35m[HTTP][39m [37m<-- GET /wd/hub/session/6052aeef-1955-45c3-af29-7ca16d0ebb8d/window/rect [39m[32m200[39m [90m21 ms - 50[39m
[35m[HTTP][39m [90m[39m
[35m[HTTP][39m [37m-->[39m [37mGET[39m [37m/wd/hub/session/6052aeef-1955-45c3-af29-7ca16d0ebb8d/appium/device/system_bars[39m
[35m[HTTP][39m [90m{}[39m
[35m[HTTP][39m [37m<-- GET /wd/hub/session/6052aeef-1955-45c3-af29-7ca16d0ebb8d/appium/device/system_bars [39m[32m200[39m [90m211 ms - 145[39m
[35m[HTTP][39m [90m[39m
[35m[HTTP][39m [37m-->[39m [37mPOST[39m [37m/wd/hub/session/6052aeef-1955-45c3-af29-7ca16d0ebb8d/appium/device/activate_app[39m
[35m[HTTP][39m [90m{"bundleId":"com.oney.odb"}[39m
[35m[HTTP][39m [37m<-- POST /wd/hub/session/6052aeef-1955-45c3-af29-7ca16d0ebb8d/appium/device/activate_app [39m[32m200[39m [90m869 ms - 14[39m
[35m[HTTP][39m [90m[39m
[35m[HTTP][39m [37m-->[39m [37mGET[39m [37m/wd/hub/session/6052aeef-1955-45c3-af29-7ca16d0ebb8d/source[39m
[35m[HTTP][39m [90m{}[39m
[35m[W3C (6052aeef)][39m Driver proxy active, passing request on via HTTP proxy
[35m[WD Proxy][39m Replacing sessionId a1979de3-0d58-4bad-8827-6c20e14a3e0e with 6052aeef-1955-45c3-af29-7ca16d0ebb8d
[35m[HTTP][39m [37m<-- GET /wd/hub/session/6052aeef-1955-45c3-af29-7ca16d0ebb8d/source [39m[32m200[39m [90m1032 ms - 82257[39m
[35m[HTTP][39m [90m[39m
[35m[HTTP][39m [37m-->[39m [37mGET[39m [37m/wd/hub/session/6052aeef-1955-45c3-af29-7ca16d0ebb8d/screenshot[39m
[35m[HTTP][39m [90m{}[39m
[35m[HTTP][39m [37m<-- GET /wd/hub/session/6052aeef-1955-45c3-af29-7ca16d0ebb8d/screenshot [39m[32m200[39m [90m378 ms - 203412[39m
[35m[HTTP][39m [90m[39m
[35m[HTTP][39m [37m-->[39m [37mPOST[39m [37m/wd/hub/session/6052aeef-1955-45c3-af29-7ca16d0ebb8d/elements[39m
[35m[HTTP][39m [90m{"using":"xpath","value":"//*[@class = 'android.widget.TextView' and (@text = 'Pourquoi connecter mes comptes bancaires ?' or . = 'Pourquoi connecter mes comptes bancaires ?')]"}[39m
[35m[HTTP][39m [37m<-- POST /wd/hub/session/6052aeef-1955-45c3-af29-7ca16d0ebb8d/elements [39m[32m200[39m [90m517 ms - 139[39m
[35m[HTTP][39m [90m[39m
[35m[HTTP][39m [37m-->[39m [37mPOST[39m [37m/wd/hub/session/6052aeef-1955-45c3-af29-7ca16d0ebb8d/timeouts[39m
[35m[HTTP][39m [90m{"implicit":1000}[39m
[35m[HTTP][39m [37m<-- POST /wd/hub/session/6052aeef-1955-45c3-af29-7ca16d0ebb8d/timeouts [39m[32m200[39m [90m1 ms - 14[39m
[35m[HTTP][39m [90m[39m
[35m[HTTP][39m [37m-->[39m [37mPOST[39m [37m/wd/hub/session/6052aeef-1955-45c3-af29-7ca16d0ebb8d/elements[39m
[35m[HTTP][39m [90m{"using":"xpath","value":"//*[(@text = 'Pourquoi connecter mes comptes bancaires ?' or . = 'Pourquoi connecter mes comptes bancaires ?')]"}[39m
[35m[HTTP][39m [37m<-- POST /wd/hub/session/6052aeef-1955-45c3-af29-7ca16d0ebb8d/elements [39m[32m200[39m [90m295 ms - 139[39m
[35m[HTTP][39m [90m[39m
[35m[HTTP][39m [37m-->[39m [37mGET[39m [37m/wd/hub/session/6052aeef-1955-45c3-af29-7ca16d0ebb8d/element/00000000-0000-04f5-ffff-ffff000001b0/location[39m
[35m[HTTP][39m [90m{}[39m
[35m[W3C (6052aeef)][39m Driver proxy active, passing request on via HTTP proxy
[35m[WD Proxy][39m Replacing sessionId a1979de3-0d58-4bad-8827-6c20e14a3e0e with 6052aeef-1955-45c3-af29-7ca16d0ebb8d
[35m[HTTP][39m [37m<-- GET /wd/hub/session/6052aeef-1955-45c3-af29-7ca16d0ebb8d/element/00000000-0000-04f5-ffff-ffff000001b0/location [39m[32m200[39m [90m18 ms - 77[39m
[35m[HTTP][39m [90m[39m
[35m[HTTP][39m [37m-->[39m [37mGET[39m [37m/wd/hub/session/6052aeef-1955-45c3-af29-7ca16d0ebb8d/element/00000000-0000-04f5-ffff-ffff000001b0/size[39m
[35m[HTTP][39m [90m{}[39m
[35m[W3C (6052aeef)][39m Driver proxy active, passing request on via HTTP proxy
[35m[WD Proxy][39m Replacing sessionId a1979de3-0d58-4bad-8827-6c20e14a3e0e with 6052aeef-1955-45c3-af29-7ca16d0ebb8d
[35m[HTTP][39m [37m<-- GET /wd/hub/session/6052aeef-1955-45c3-af29-7ca16d0ebb8d/element/00000000-0000-04f5-ffff-ffff000001b0/size [39m[32m200[39m [90m17 ms - 87[39m
[35m[HTTP][39m [90m[39m
[35m[HTTP][39m [37m-->[39m [37mPOST[39m [37m/wd/hub/session/6052aeef-1955-45c3-af29-7ca16d0ebb8d/timeouts[39m
[35m[HTTP][39m [90m{"implicit":1000}[39m
[35m[HTTP][39m [37m<-- POST /wd/hub/session/6052aeef-1955-45c3-af29-7ca16d0ebb8d/timeouts [39m[32m200[39m [90m1 ms - 14[39m
[35m[HTTP][39m [90m[39m
[35m[HTTP][39m [37m-->[39m [37mPOST[39m [37m/wd/hub/session/6052aeef-1955-45c3-af29-7ca16d0ebb8d/elements[39m
[35m[HTTP][39m [90m{"using":"xpath","value":"//*[(@text = 'Pourquoi connecter mes comptes bancaires ?')]"}[39m
[35m[HTTP][39m [37m<-- POST /wd/hub/session/6052aeef-1955-45c3-af29-7ca16d0ebb8d/elements [39m[32m200[39m [90m241 ms - 139[39m
[35m[HTTP][39m [90m[39m
[35m[HTTP][39m [37m-->[39m [37mGET[39m [37m/wd/hub/session/6052aeef-1955-45c3-af29-7ca16d0ebb8d/element/00000000-0000-04f5-ffff-ffff000001b0/location[39m
[35m[HTTP][39m [90m{}[39m
[35m[W3C (6052aeef)][39m Driver proxy active, passing request on via HTTP proxy
[35m[WD Proxy][39m Replacing sessionId a1979de3-0d58-4bad-8827-6c20e14a3e0e with 6052aeef-1955-45c3-af29-7ca16d0ebb8d
[35m[HTTP][39m [37m<-- GET /wd/hub/session/6052aeef-1955-45c3-af29-7ca16d0ebb8d/element/00000000-0000-04f5-ffff-ffff000001b0/location [39m[32m200[39m [90m14 ms - 77[39m
[35m[HTTP][39m [90m[39m
[35m[HTTP][39m [37m-->[39m [37mGET[39m [37m/wd/hub/session/6052aeef-1955-45c3-af29-7ca16d0ebb8d/element/00000000-0000-04f5-ffff-ffff000001b0/size[39m
[35m[HTTP][39m [90m{}[39m
[35m[W3C (6052aeef)][39m Driver proxy active, passing request on via HTTP proxy
[35m[WD Proxy][39m Replacing sessionId a1979de3-0d58-4bad-8827-6c20e14a3e0e with 6052aeef-1955-45c3-af29-7ca16d0ebb8d
[35m[HTTP][39m [37m<-- GET /wd/hub/session/6052aeef-1955-45c3-af29-7ca16d0ebb8d/element/00000000-0000-04f5-ffff-ffff000001b0/size [39m[32m200[39m [90m14 ms - 87[39m
[35m[HTTP][39m [90m[39m
[35m[HTTP][39m [37m-->[39m [37mPOST[39m [37m/wd/hub/session/6052aeef-1955-45c3-af29-7ca16d0ebb8d/timeouts[39m
[35m[HTTP][39m [90m{"implicit":1000}[39m
[35m[HTTP][39m [37m<-- POST /wd/hub/session/6052aeef-1955-45c3-af29-7ca16d0ebb8d/timeouts [39m[32m200[39m [90m1 ms - 14[39m
[35m[HTTP][39m [90m[39m
[35m[HTTP][39m [37m-->[39m [37mPOST[39m [37m/wd/hub/session/6052aeef-1955-45c3-af29-7ca16d0ebb8d/elements[39m
[35m[HTTP][39m [90m{"using":"xpath","value":"//*[(@text = 'Pourquoi connecter mes comptes bancaires ?')]"}[39m
[35m[HTTP][39m [37m<-- POST /wd/hub/session/6052aeef-1955-45c3-af29-7ca16d0ebb8d/elements [39m[32m200[39m [90m161 ms - 139[39m
[35m[HTTP][39m [90m[39m
[35m[HTTP][39m [37m-->[39m [37mGET[39m [37m/wd/hub/session/6052aeef-1955-45c3-af29-7ca16d0ebb8d/element/00000000-0000-04f5-ffff-ffff000001b0/location[39m
[35m[HTTP][39m [90m{}[39m
[35m[W3C (6052aeef)][39m Driver proxy active, passing request on via HTTP proxy
[35m[WD Proxy][39m Replacing sessionId a1979de3-0d58-4bad-8827-6c20e14a3e0e with 6052aeef-1955-45c3-af29-7ca16d0ebb8d
[35m[HTTP][39m [37m<-- GET /wd/hub/session/6052aeef-1955-45c3-af29-7ca16d0ebb8d/element/00000000-0000-04f5-ffff-ffff000001b0/location [39m[32m200[39m [90m11 ms - 77[39m
[35m[HTTP][39m [90m[39m
[35m[HTTP][39m [37m-->[39m [37mGET[39m [37m/wd/hub/session/6052aeef-1955-45c3-af29-7ca16d0ebb8d/element/00000000-0000-04f5-ffff-ffff000001b0/size[39m
[35m[HTTP][39m [90m{}[39m
[35m[W3C (6052aeef)][39m Driver proxy active, passing request on via HTTP proxy
[35m[WD Proxy][39m Replacing sessionId a1979de3-0d58-4bad-8827-6c20e14a3e0e with 6052aeef-1955-45c3-af29-7ca16d0ebb8d
[35m[HTTP][39m [37m<-- GET /wd/hub/session/6052aeef-1955-45c3-af29-7ca16d0ebb8d/element/00000000-0000-04f5-ffff-ffff000001b0/size [39m[32m200[39m [90m13 ms - 87[39m
[35m[HTTP][39m [90m[39m
[35m[HTTP][39m [37m-->[39m [37mGET[39m [37m/wd/hub/session/6052aeef-1955-45c3-af29-7ca16d0ebb8d/source[39m
[35m[HTTP][39m [90m{}[39m
[35m[W3C (6052aeef)][39m Driver proxy active, passing request on via HTTP proxy
[35m[WD Proxy][39m Replacing sessionId a1979de3-0d58-4bad-8827-6c20e14a3e0e with 6052aeef-1955-45c3-af29-7ca16d0ebb8d
[35m[HTTP][39m [37m<-- GET /wd/hub/session/6052aeef-1955-45c3-af29-7ca16d0ebb8d/source [39m[32m200[39m [90m345 ms - 94552[39m
[35m[HTTP][39m [90m[39m
[35m[HTTP][39m [37m-->[39m [37mGET[39m [37m/wd/hub/session/6052aeef-1955-45c3-af29-7ca16d0ebb8d/screenshot[39m
[35m[HTTP][39m [90m{}[39m
[35m[HTTP][39m [37m<-- GET /wd/hub/session/6052aeef-1955-45c3-af29-7ca16d0ebb8d/screenshot [39m[32m200[39m [90m457 ms - 225544[39m
[35m[HTTP][39m [90m[39m
[35m[HTTP][39m [37m-->[39m [37mPOST[39m [37m/wd/hub/session/6052aeef-1955-45c3-af29-7ca16d0ebb8d/elements[39m
[35m[HTTP][39m [90m{"using":"xpath","value":"//*[@class = 'android.widget.TextView' and (@text = 'Connectez vos comptes bancaires vous permet de centraliser sur votre application tous vos comptes bancaires, même s’ils sont détenus dans des banques différentes. ' or . = 'Connectez vos comptes bancaires vous permet de centraliser sur votre application tous vos comptes bancaires, même s’ils sont détenus dans des banques différentes. ')]"}[39m
[35m[HTTP][39m [37m<-- POST /wd/hub/session/6052aeef-1955-45c3-af29-7ca16d0ebb8d/elements [39m[32m200[39m [90m360 ms - 139[39m
[35m[HTTP][39m [90m[39m
[35m[HTTP][39m [37m-->[39m [37mPOST[39m [37m/wd/hub/session/6052aeef-1955-45c3-af29-7ca16d0ebb8d/timeouts[39m
[35m[HTTP][39m [90m{"implicit":1000}[39m
[35m[HTTP][39m [37m<-- POST /wd/hub/session/6052aeef-1955-45c3-af29-7ca16d0ebb8d/timeouts [39m[32m200[39m [90m1 ms - 14[39m
[35m[HTTP][39m [90m[39m
[35m[HTTP][39m [37m-->[39m [37mPOST[39m [37m/wd/hub/session/6052aeef-1955-45c3-af29-7ca16d0ebb8d/elements[39m
[35m[HTTP][39m [90m{"using":"xpath","value":"//*[ (@text = 'Connectez vos comptes bancaires vous permet de centraliser sur votre application tous vos comptes bancaires, même s’ils sont détenus dans des banques différentes. ')]"}[39m
[35m[HTTP][39m [37m<-- POST /wd/hub/session/6052aeef-1955-45c3-af29-7ca16d0ebb8d/elements [39m[32m200[39m [90m304 ms - 139[39m
[35m[HTTP][39m [90m[39m
[35m[HTTP][39m [37m-->[39m [37mGET[39m [37m/wd/hub/session/6052aeef-1955-45c3-af29-7ca16d0ebb8d/element/00000000-0000-04f5-ffff-ffff000001d1/location[39m
[35m[HTTP][39m [90m{}[39m
[35m[W3C (6052aeef)][39m Driver proxy active, passing request on via HTTP proxy
[35m[WD Proxy][39m Replacing sessionId a1979de3-0d58-4bad-8827-6c20e14a3e0e with 6052aeef-1955-45c3-af29-7ca16d0ebb8d
[35m[HTTP][39m [37m<-- GET /wd/hub/session/6052aeef-1955-45c3-af29-7ca16d0ebb8d/element/00000000-0000-04f5-ffff-ffff000001d1/location [39m[32m200[39m [90m21 ms - 77[39m
[35m[HTTP][39m [90m[39m
[35m[HTTP][39m [37m-->[39m [37mGET[39m [37m/wd/hub/session/6052aeef-1955-45c3-af29-7ca16d0ebb8d/element/00000000-0000-04f5-ffff-ffff000001d1/size[39m
[35m[HTTP][39m [90m{}[39m
[35m[W3C (6052aeef)][39m Driver proxy active, passing request on via HTTP proxy
[35m[WD Proxy][39m Replacing sessionId a1979de3-0d58-4bad-8827-6c20e14a3e0e with 6052aeef-1955-45c3-af29-7ca16d0ebb8d
[35m[HTTP][39m [37m<-- GET /wd/hub/session/6052aeef-1955-45c3-af29-7ca16d0ebb8d/element/00000000-0000-04f5-ffff-ffff000001d1/size [39m[32m200[39m [90m19 ms - 87[39m
[35m[HTTP][39m [90m[39m
[35m[HTTP][39m [37m-->[39m [37mGET[39m [37m/wd/hub/session/6052aeef-1955-45c3-af29-7ca16d0ebb8d/source[39m
[35m[HTTP][39m [90m{}[39m
[35m[W3C (6052aeef)][39m Driver proxy active, passing request on via HTTP proxy
[35m[WD Proxy][39m Replacing sessionId a1979de3-0d58-4bad-8827-6c20e14a3e0e with 6052aeef-1955-45c3-af29-7ca16d0ebb8d
[35m[HTTP][39m [37m<-- GET /wd/hub/session/6052aeef-1955-45c3-af29-7ca16d0ebb8d/source [39m[32m200[39m [90m278 ms - 91145[39m
[35m[HTTP][39m [90m[39m
[35m[HTTP][39m [37m-->[39m [37mGET[39m [37m/wd/hub/session/6052aeef-1955-45c3-af29-7ca16d0ebb8d/screenshot[39m
[35m[HTTP][39m [90m{}[39m
[35m[HTTP][39m [37m<-- GET /wd/hub/session/6052aeef-1955-45c3-af29-7ca16d0ebb8d/screenshot [39m[32m200[39m [90m456 ms - 193978[39m
[35m[HTTP][39m [90m[39m
[35m[HTTP][39m [37m-->[39m [37mPOST[39m [37m/wd/hub/session/6052aeef-1955-45c3-af29-7ca16d0ebb8d/timeouts[39m
[35m[HTTP][39m [90m{"implicit":1000}[39m
[35m[HTTP][39m [37m<-- POST /wd/hub/session/6052aeef-1955-45c3-af29-7ca16d0ebb8d/timeouts [39m[32m200[39m [90m1 ms - 14[39m
[35m[HTTP][39m [90m[39m
[35m[HTTP][39m [37m-->[39m [37mPOST[39m [37m/wd/hub/session/6052aeef-1955-45c3-af29-7ca16d0ebb8d/elements[39m
[35m[HTTP][39m [90m{"using":"xpath","value":"//*[ (@text = 'Compte au quotidien')]"}[39m
[35m[HTTP][39m [37m<-- POST /wd/hub/session/6052aeef-1955-45c3-af29-7ca16d0ebb8d/elements [39m[32m200[39m [90m250 ms - 139[39m
[35m[HTTP][39m [90m[39m
[35m[HTTP][39m [37m-->[39m [37mGET[39m [37m/wd/hub/session/6052aeef-1955-45c3-af29-7ca16d0ebb8d/element/00000000-0000-04f5-ffff-ffff000001e2/location[39m
[35m[HTTP][39m [90m{}[39m
[35m[W3C (6052aeef)][39m Driver proxy active, passing request on via HTTP proxy
[35m[WD Proxy][39m Replacing sessionId a1979de3-0d58-4bad-8827-6c20e14a3e0e with 6052aeef-1955-45c3-af29-7ca16d0ebb8d
[35m[HTTP][39m [37m<-- GET /wd/hub/session/6052aeef-1955-45c3-af29-7ca16d0ebb8d/element/00000000-0000-04f5-ffff-ffff000001e2/location [39m[32m200[39m [90m19 ms - 78[39m
[35m[HTTP][39m [90m[39m
[35m[HTTP][39m [37m-->[39m [37mGET[39m [37m/wd/hub/session/6052aeef-1955-45c3-af29-7ca16d0ebb8d/element/00000000-0000-04f5-ffff-ffff000001e2/size[39m
[35m[HTTP][39m [90m{}[39m
[35m[W3C (6052aeef)][39m Driver proxy active, passing request on via HTTP proxy
[35m[WD Proxy][39m Replacing sessionId a1979de3-0d58-4bad-8827-6c20e14a3e0e with 6052aeef-1955-45c3-af29-7ca16d0ebb8d
[35m[HTTP][39m [37m<-- GET /wd/hub/session/6052aeef-1955-45c3-af29-7ca16d0ebb8d/element/00000000-0000-04f5-ffff-ffff000001e2/size [39m[32m200[39m [90m18 ms - 86[39m
[35m[HTTP][39m [90m[39m
[35m[HTTP][39m [37m-->[39m [37mPOST[39m [37m/wd/hub/session/6052aeef-1955-45c3-af29-7ca16d0ebb8d/timeouts[39m
[35m[HTTP][39m [90m{"implicit":1000}[39m
[35m[HTTP][39m [37m<-- POST /wd/hub/session/6052aeef-1955-45c3-af29-7ca16d0ebb8d/timeouts [39m[32m200[39m [90m1 ms - 14[39m
[35m[HTTP][39m [90m[39m
[35m[HTTP][39m [37m-->[39m [37mPOST[39m [37m/wd/hub/session/6052aeef-1955-45c3-af29-7ca16d0ebb8d/elements[39m
[35m[HTTP][39m [90m{"using":"xpath","value":"//*[ (@text = 'Comment augmenter mon plafond de compte ?')]"}[39m
[35m[HTTP][39m [37m<-- POST /wd/hub/session/6052aeef-1955-45c3-af29-7ca16d0ebb8d/elements [39m[32m200[39m [90m331 ms - 139[39m
[35m[HTTP][39m [90m[39m
[35m[HTTP][39m [37m-->[39m [37mGET[39m [37m/wd/hub/session/6052aeef-1955-45c3-af29-7ca16d0ebb8d/element/00000000-0000-04f5-ffff-ffff0000020b/location[39m
[35m[HTTP][39m [90m{}[39m
[35m[W3C (6052aeef)][39m Driver proxy active, passing request on via HTTP proxy
[35m[WD Proxy][39m Replacing sessionId a1979de3-0d58-4bad-8827-6c20e14a3e0e with 6052aeef-1955-45c3-af29-7ca16d0ebb8d
[35m[HTTP][39m [37m<-- GET /wd/hub/session/6052aeef-1955-45c3-af29-7ca16d0ebb8d/element/00000000-0000-04f5-ffff-ffff0000020b/location [39m[32m200[39m [90m25 ms - 78[39m
[35m[HTTP][39m [90m[39m
[35m[HTTP][39m [37m-->[39m [37mGET[39m [37m/wd/hub/session/6052aeef-1955-45c3-af29-7ca16d0ebb8d/element/00000000-0000-04f5-ffff-ffff0000020b/size[39m
[35m[HTTP][39m [90m{}[39m
[35m[W3C (6052aeef)][39m Driver proxy active, passing request on via HTTP proxy
[35m[WD Proxy][39m Replacing sessionId a1979de3-0d58-4bad-8827-6c20e14a3e0e with 6052aeef-1955-45c3-af29-7ca16d0ebb8d
[35m[HTTP][39m [37m<-- GET /wd/hub/session/6052aeef-1955-45c3-af29-7ca16d0ebb8d/element/00000000-0000-04f5-ffff-ffff0000020b/size [39m[32m200[39m [90m28 ms - 87[39m
[35m[HTTP][39m [90m[39m
[35m[HTTP][39m [37m-->[39m [37mGET[39m [37m/wd/hub/session/6052aeef-1955-45c3-af29-7ca16d0ebb8d/source[39m
[35m[HTTP][39m [90m{}[39m
[35m[W3C (6052aeef)][39m Driver proxy active, passing request on via HTTP proxy
[35m[WD Proxy][39m Replacing sessionId a1979de3-0d58-4bad-8827-6c20e14a3e0e with 6052aeef-1955-45c3-af29-7ca16d0ebb8d
[35m[HTTP][39m [37m<-- GET /wd/hub/session/6052aeef-1955-45c3-af29-7ca16d0ebb8d/source [39m[32m200[39m [90m367 ms - 89404[39m
[35m[HTTP][39m [90m[39m
[35m[HTTP][39m [37m-->[39m [37mGET[39m [37m/wd/hub/session/6052aeef-1955-45c3-af29-7ca16d0ebb8d/screenshot[39m
[35m[HTTP][39m [90m{}[39m
[35m[HTTP][39m [37m<-- GET /wd/hub/session/6052aeef-1955-45c3-af29-7ca16d0ebb8d/screenshot [39m[32m200[39m [90m459 ms - 214894[39m
[35m[HTTP][39m [90m[39m
[35m[HTTP][39m [37m-->[39m [37mPOST[39m [37m/wd/hub/session/6052aeef-1955-45c3-af29-7ca16d0ebb8d/timeouts[39m
[35m[HTTP][39m [90m{"implicit":1000}[39m
[35m[HTTP][39m [37m<-- POST /wd/hub/session/6052aeef-1955-45c3-af29-7ca16d0ebb8d/timeouts [39m[32m200[39m [90m1 ms - 14[39m
[35m[HTTP][39m [90m[39m
[35m[HTTP][39m [37m-->[39m [37mPOST[39m [37m/wd/hub/session/6052aeef-1955-45c3-af29-7ca16d0ebb8d/elements[39m
[35m[HTTP][39m [90m{"using":"xpath","value":"//*[ (@text = 'Comment augmenter mon plafond de compte ?')]"}[39m
[35m[HTTP][39m [37m<-- POST /wd/hub/session/6052aeef-1955-45c3-af29-7ca16d0ebb8d/elements [39m[32m200[39m [90m341 ms - 139[39m
[35m[HTTP][39m [90m[39m
[35m[HTTP][39m [37m-->[39m [37mGET[39m [37m/wd/hub/session/6052aeef-1955-45c3-af29-7ca16d0ebb8d/element/00000000-0000-04f5-ffff-ffff0000020b/location[39m
[35m[HTTP][39m [90m{}[39m
[35m[W3C (6052aeef)][39m Driver proxy active, passing request on via HTTP proxy
[35m[WD Proxy][39m Replacing sessionId a1979de3-0d58-4bad-8827-6c20e14a3e0e with 6052aeef-1955-45c3-af29-7ca16d0ebb8d
[35m[HTTP][39m [37m<-- GET /wd/hub/session/6052aeef-1955-45c3-af29-7ca16d0ebb8d/element/00000000-0000-04f5-ffff-ffff0000020b/location [39m[32m200[39m [90m20 ms - 78[39m
[35m[HTTP][39m [90m[39m
[35m[HTTP][39m [37m-->[39m [37mGET[39m [37m/wd/hub/session/6052aeef-1955-45c3-af29-7ca16d0ebb8d/element/00000000-0000-04f5-ffff-ffff0000020b/size[39m
[35m[HTTP][39m [90m{}[39m
[35m[W3C (6052aeef)][39m Driver proxy active, passing request on via HTTP proxy
[35m[WD Proxy][39m Replacing sessionId a1979de3-0d58-4bad-8827-6c20e14a3e0e with 6052aeef-1955-45c3-af29-7ca16d0ebb8d
[35m[HTTP][39m [37m<-- GET /wd/hub/session/6052aeef-1955-45c3-af29-7ca16d0ebb8d/element/00000000-0000-04f5-ffff-ffff0000020b/size [39m[32m200[39m [90m22 ms - 87[39m
[35m[HTTP][39m [90m[39m
[35m[HTTP][39m [37m-->[39m [37mDELETE[39m [37m/wd/hub/session/6052aeef-1955-45c3-af29-7ca16d0ebb8d[39m
[35m[HTTP][39m [90m{}[39m
[35m[Appium][39m Removing session 6052aeef-1955-45c3-af29-7ca16d0ebb8d from our master session list
[35m[UiAutomator2][39m Restoring hidden api policy to the device default configuration
[35m[HTTP][39m [37m<-- DELETE /wd/hub/session/6052aeef-1955-45c3-af29-7ca16d0ebb8d [39m[32m200[39m [90m404 ms - 14[39m
[35m[HTTP][39m [90m[39m
